<?xml version="1.0" encoding="UTF-8"?>
<testng-results ignored="0" total="1" passed="1" failed="0" skipped="0">
  <reporter-output>
  </reporter-output>
  <suite started-at="2020-09-14T14:09:08 EDT" name="Default suite" finished-at="2020-09-14T14:09:28 EDT" duration-ms="20548">
    <groups>
    </groups>
    <test started-at="2020-09-14T14:09:08 EDT" name="Default test" finished-at="2020-09-14T14:09:28 EDT" duration-ms="20548">
      <class name="Testcases.Loginapplication">
        <test-method signature="Login()[pri:0, instance:Testcases.Loginapplication@501edcf1]" started-at="2020-09-14T14:09:08 EDT" name="Login" finished-at="2020-09-14T14:09:28 EDT" duration-ms="20478" status="PASS">
          <reporter-output>
          </reporter-output>
        </test-method> <!-- Login -->
      </class> <!-- Testcases.Loginapplication -->
    </test> <!-- Default test -->
  </suite> <!-- Default suite -->
</testng-results>
